
GET / 03-02-2023_11:40:56
GET / 03-02-2023_11:42:38
GET / 03-02-2023_11:42:56
GET / 03-02-2023_11:42:58
GET / 03-02-2023_11:42:58
GET / 03-02-2023_11:42:58
GET / 03-02-2023_11:42:58
GET / 03-02-2023_11:42:58
GET / 03-02-2023_11:47:02
GET / 03-02-2023_11:47:32
GET /server 03-02-2023_11:48:39
GET /my-router/ 03-02-2023_11:49:13
GET /router 03-02-2023_11:49:39
GET /router 03-02-2023_11:49:53
GET /router 03-02-2023_11:49:54
GET /router/products 03-02-2023_11:52:59
GET /router/products 03-02-2023_11:53:11
GET /router/products 03-02-2023_11:53:13
GET /router/products 03-02-2023_11:53:21
GET /router/products 03-02-2023_11:53:22
GET /router/products 03-02-2023_11:53:22
GET /router/products 03-02-2023_11:53:35
GET / 03-02-2023_11:55:36
GET / 03-02-2023_11:56:57
GET / 03-02-2023_11:56:59
GET /rouer 03-02-2023_11:57:04
GET / 03-02-2023_11:59:01
GET /router/productssad 03-02-2023_11:59:41
GET / 04-02-2023_12:08:41
GET /router/productsd 04-02-2023_12:14:01
GET / 04-02-2023_12:31:29
GET / 04-02-2023_12:31:55
GET / 04-02-2023_12:31:58
GET / 04-02-2023_12:38:07
GET /router/contactsd 04-02-2023_01:27:47
GET /contacts/4 04-02-2023_01:48:39
POST /router/contacts/5060ac1f-7061-4bee-acfa-2f04e5c3364b 04-02-2023_02:12:42
POST /router/contacts/4 04-02-2023_02:12:52
POST /router/contacts/1d72e2af-816f-42ab-bd74-39a37c3aaee1 04-02-2023_02:39:04
GET /contacts 04-02-2023_02:52:03